# JRE version: OpenJDK Runtime Environment Temurin-21.0.8+9 (21.0.8+9) (build 21.0.8+9-LTS)
# Java VM: OpenJDK 64-Bit Server VM Temurin-21.0.8+9 (21.0.8+9-LTS, mixed mode, sharing, tiered, compressed oops, compressed class ptrs, parallel gc, windows-amd64)
GC Precious Log:
 CardTable entry size: 512
 CPUs: 8 total, 8 available
 Memory: 32610M
 Large Page Support: Disabled
 NUMA Support: Disabled
 Compressed Oops: Enabled (32-bit)
 Alignments: Space 512K, Generation 512K, Heap 2M
 Heap Min Capacity: 100M
 Heap Initial Capacity: 100M
 Heap Max Capacity: 2G
 Pre-touch: Disabled
 Parallel Workers: 8
Heap:
 PSYoungGen      total 9216K, used 633K [0x00000000d5580000, 0x00000000d6380000, 0x0000000100000000)
  eden space 8704K, 4% used [0x00000000d5580000,0x00000000d55de658,0x00000000d5e00000)
  from space 512K, 50% used [0x00000000d6300000,0x00000000d6340000,0x00000000d6380000)
  to   space 512K, 0% used [0x00000000d6280000,0x00000000d6280000,0x00000000d6300000)
 ParOldGen       total 114176K, used 54252K [0x0000000080000000, 0x0000000086f80000, 0x00000000d5580000)
  object space 114176K, 47% used [0x0000000080000000,0x00000000834fb068,0x0000000086f80000)
 Metaspace       used 60757K, committed 62208K, reserved 1114112K
  class space    used 6394K, committed 6976K, reserved 1048576K
GC Heap History (20 events):
Event: 268728.030 GC heap before
{Heap before GC invocations=164 (full 3):
 PSYoungGen      total 9216K, used 8992K [0x00000000d5580000, 0x00000000d6380000, 0x0000000100000000)
  eden space 8704K, 100% used [0x00000000d5580000,0x00000000d5e00000,0x00000000d5e00000)
  from space 512K, 56% used [0x00000000d6300000,0x00000000d6348000,0x00000000d6380000)
  to   space 512K, 0% used [0x00000000d6280000,0x00000000d6280000,0x00000000d6300000)
 ParOldGen       total 114176K, used 53780K [0x0000000080000000, 0x0000000086f80000, 0x00000000d5580000)
  object space 114176K, 47% used [0x0000000080000000,0x0000000083485068,0x0000000086f80000)
 Metaspace       used 60270K, committed 61760K, reserved 1114112K
  class space    used 6385K, committed 6976K, reserved 1048576K
}
Event: 268728.032 GC heap after
{Heap after GC invocations=164 (full 3):
 PSYoungGen      total 9216K, used 192K [0x00000000d5580000, 0x00000000d6380000, 0x0000000100000000)
  eden space 8704K, 0% used [0x00000000d5580000,0x00000000d5580000,0x00000000d5e00000)
  from space 512K, 37% used [0x00000000d6280000,0x00000000d62b0000,0x00000000d6300000)
  to   space 512K, 0% used [0x00000000d6300000,0x00000000d6300000,0x00000000d6380000)
 ParOldGen       total 114176K, used 53820K [0x0000000080000000, 0x0000000086f80000, 0x00000000d5580000)
  object space 114176K, 47% used [0x0000000080000000,0x000000008348f068,0x0000000086f80000)
 Metaspace       used 60270K, committed 61760K, reserved 1114112K
  class space    used 6385K, committed 6976K, reserved 1048576K
}
Event: 268804.065 GC heap before
{Heap before GC invocations=165 (full 3):
 PSYoungGen      total 9216K, used 8896K [0x00000000d5580000, 0x00000000d6380000, 0x0000000100000000)
  eden space 8704K, 100% used [0x00000000d5580000,0x00000000d5e00000,0x00000000d5e00000)
  from space 512K, 37% used [0x00000000d6280000,0x00000000d62b0000,0x00000000d6300000)
  to   space 512K, 0% used [0x00000000d6300000,0x00000000d6300000,0x00000000d6380000)
 ParOldGen       total 114176K, used 53820K [0x0000000080000000, 0x0000000086f80000, 0x00000000d5580000)
  object space 114176K, 47% used [0x0000000080000000,0x000000008348f068,0x0000000086f80000)
 Metaspace       used 60343K, committed 61824K, reserved 1114112K
  class space    used 6385K, committed 6976K, reserved 1048576K
}
Event: 268804.066 GC heap after
{Heap after GC invocations=165 (full 3):
 PSYoungGen      total 9216K, used 256K [0x00000000d5580000, 0x00000000d6380000, 0x0000000100000000)
  eden space 8704K, 0% used [0x00000000d5580000,0x00000000d5580000,0x00000000d5e00000)
  from space 512K, 50% used [0x00000000d6300000,0x00000000d6340000,0x00000000d6380000)
  to   space 512K, 0% used [0x00000000d6280000,0x00000000d6280000,0x00000000d6300000)
 ParOldGen       total 114176K, used 53860K [0x0000000080000000, 0x0000000086f80000, 0x00000000d5580000)
  object space 114176K, 47% used [0x0000000080000000,0x0000000083499068,0x0000000086f80000)
 Metaspace       used 60343K, committed 61824K, reserved 1114112K
  class space    used 6385K, committed 6976K, reserved 1048576K
}
Event: 268819.085 GC heap before
{Heap before GC invocations=166 (full 3):
 PSYoungGen      total 9216K, used 8960K [0x00000000d5580000, 0x00000000d6380000, 0x0000000100000000)
  eden space 8704K, 100% used [0x00000000d5580000,0x00000000d5e00000,0x00000000d5e00000)
  from space 512K, 50% used [0x00000000d6300000,0x00000000d6340000,0x00000000d6380000)
  to   space 512K, 0% used [0x00000000d6280000,0x00000000d6280000,0x00000000d6300000)
 ParOldGen       total 114176K, used 53860K [0x0000000080000000, 0x0000000086f80000, 0x00000000d5580000)
  object space 114176K, 47% used [0x0000000080000000,0x0000000083499068,0x0000000086f80000)
 Metaspace       used 60436K, committed 61952K, reserved 1114112K
  class space    used 6385K, committed 6976K, reserved 1048576K
}
Event: 268819.086 GC heap after
{Heap after GC invocations=166 (full 3):
 PSYoungGen      total 9216K, used 256K [0x00000000d5580000, 0x00000000d6380000, 0x0000000100000000)
  eden space 8704K, 0% used [0x00000000d5580000,0x00000000d5580000,0x00000000d5e00000)
  from space 512K, 50% used [0x00000000d6280000,0x00000000d62c0000,0x00000000d6300000)
  to   space 512K, 0% used [0x00000000d6300000,0x00000000d6300000,0x00000000d6380000)
 ParOldGen       total 114176K, used 53916K [0x0000000080000000, 0x0000000086f80000, 0x00000000d5580000)
  object space 114176K, 47% used [0x0000000080000000,0x00000000834a7068,0x0000000086f80000)
 Metaspace       used 60436K, committed 61952K, reserved 1114112K
  class space    used 6385K, committed 6976K, reserved 1048576K
}
Event: 268857.490 GC heap before
{Heap before GC invocations=167 (full 3):
 PSYoungGen      total 9216K, used 8959K [0x00000000d5580000, 0x00000000d6380000, 0x0000000100000000)
  eden space 8704K, 99% used [0x00000000d5580000,0x00000000d5dffff8,0x00000000d5e00000)
  from space 512K, 50% used [0x00000000d6280000,0x00000000d62c0000,0x00000000d6300000)
  to   space 512K, 0% used [0x00000000d6300000,0x00000000d6300000,0x00000000d6380000)
 ParOldGen       total 114176K, used 53916K [0x0000000080000000, 0x0000000086f80000, 0x00000000d5580000)
  object space 114176K, 47% used [0x0000000080000000,0x00000000834a7068,0x0000000086f80000)
 Metaspace       used 60513K, committed 62016K, reserved 1114112K
  class space    used 6393K, committed 6976K, reserved 1048576K
}
Event: 268857.491 GC heap after
{Heap after GC invocations=167 (full 3):
 PSYoungGen      total 9216K, used 224K [0x00000000d5580000, 0x00000000d6380000, 0x0000000100000000)
  eden space 8704K, 0% used [0x00000000d5580000,0x00000000d5580000,0x00000000d5e00000)
  from space 512K, 43% used [0x00000000d6300000,0x00000000d6338000,0x00000000d6380000)
  to   space 512K, 0% used [0x00000000d6280000,0x00000000d6280000,0x00000000d6300000)
 ParOldGen       total 114176K, used 53964K [0x0000000080000000, 0x0000000086f80000, 0x00000000d5580000)
  object space 114176K, 47% used [0x0000000080000000,0x00000000834b3068,0x0000000086f80000)
 Metaspace       used 60513K, committed 62016K, reserved 1114112K
  class space    used 6393K, committed 6976K, reserved 1048576K
}
Event: 268898.495 GC heap before
{Heap before GC invocations=168 (full 3):
 PSYoungGen      total 9216K, used 8928K [0x00000000d5580000, 0x00000000d6380000, 0x0000000100000000)
  eden space 8704K, 100% used [0x00000000d5580000,0x00000000d5e00000,0x00000000d5e00000)
  from space 512K, 43% used [0x00000000d6300000,0x00000000d6338000,0x00000000d6380000)
  to   space 512K, 0% used [0x00000000d6280000,0x00000000d6280000,0x00000000d6300000)
 ParOldGen       total 114176K, used 53964K [0x0000000080000000, 0x0000000086f80000, 0x00000000d5580000)
  object space 114176K, 47% used [0x0000000080000000,0x00000000834b3068,0x0000000086f80000)
 Metaspace       used 60552K, committed 62016K, reserved 1114112K
  class space    used 6393K, committed 6976K, reserved 1048576K
}
Event: 268898.496 GC heap after
{Heap after GC invocations=168 (full 3):
 PSYoungGen      total 9216K, used 256K [0x00000000d5580000, 0x00000000d6380000, 0x0000000100000000)
  eden space 8704K, 0% used [0x00000000d5580000,0x00000000d5580000,0x00000000d5e00000)
  from space 512K, 50% used [0x00000000d6280000,0x00000000d62c0000,0x00000000d6300000)
  to   space 512K, 0% used [0x00000000d6300000,0x00000000d6300000,0x00000000d6380000)
 ParOldGen       total 114176K, used 54020K [0x0000000080000000, 0x0000000086f80000, 0x00000000d5580000)
  object space 114176K, 47% used [0x0000000080000000,0x00000000834c1068,0x0000000086f80000)
 Metaspace       used 60552K, committed 62016K, reserved 1114112K
  class space    used 6393K, committed 6976K, reserved 1048576K
}
Event: 268928.757 GC heap before
{Heap before GC invocations=169 (full 3):
 PSYoungGen      total 9216K, used 8960K [0x00000000d5580000, 0x00000000d6380000, 0x0000000100000000)
  eden space 8704K, 100% used [0x00000000d5580000,0x00000000d5e00000,0x00000000d5e00000)
  from space 512K, 50% used [0x00000000d6280000,0x00000000d62c0000,0x00000000d6300000)
  to   space 512K, 0% used [0x00000000d6300000,0x00000000d6300000,0x00000000d6380000)
 ParOldGen       total 114176K, used 54020K [0x0000000080000000, 0x0000000086f80000, 0x00000000d5580000)
  object space 114176K, 47% used [0x0000000080000000,0x00000000834c1068,0x0000000086f80000)
 Metaspace       used 60571K, committed 62016K, reserved 1114112K
  class space    used 6394K, committed 6976K, reserved 1048576K
}
Event: 268928.759 GC heap after
{Heap after GC invocations=169 (full 3):
 PSYoungGen      total 9216K, used 224K [0x00000000d5580000, 0x00000000d6380000, 0x0000000100000000)
  eden space 8704K, 0% used [0x00000000d5580000,0x00000000d5580000,0x00000000d5e00000)
  from space 512K, 43% used [0x00000000d6300000,0x00000000d6338000,0x00000000d6380000)
  to   space 512K, 0% used [0x00000000d6280000,0x00000000d6280000,0x00000000d6300000)
 ParOldGen       total 114176K, used 54052K [0x0000000080000000, 0x0000000086f80000, 0x00000000d5580000)
  object space 114176K, 47% used [0x0000000080000000,0x00000000834c9068,0x0000000086f80000)
 Metaspace       used 60571K, committed 62016K, reserved 1114112K
  class space    used 6394K, committed 6976K, reserved 1048576K
}
Event: 268950.881 GC heap before
{Heap before GC invocations=170 (full 3):
 PSYoungGen      total 9216K, used 8928K [0x00000000d5580000, 0x00000000d6380000, 0x0000000100000000)
  eden space 8704K, 100% used [0x00000000d5580000,0x00000000d5e00000,0x00000000d5e00000)
  from space 512K, 43% used [0x00000000d6300000,0x00000000d6338000,0x00000000d6380000)
  to   space 512K, 0% used [0x00000000d6280000,0x00000000d6280000,0x00000000d6300000)
 ParOldGen       total 114176K, used 54052K [0x0000000080000000, 0x0000000086f80000, 0x00000000d5580000)
  object space 114176K, 47% used [0x0000000080000000,0x00000000834c9068,0x0000000086f80000)
 Metaspace       used 60599K, committed 62080K, reserved 1114112K
  class space    used 6394K, committed 6976K, reserved 1048576K
}
Event: 268950.882 GC heap after
{Heap after GC invocations=170 (full 3):
 PSYoungGen      total 9216K, used 224K [0x00000000d5580000, 0x00000000d6380000, 0x0000000100000000)
  eden space 8704K, 0% used [0x00000000d5580000,0x00000000d5580000,0x00000000d5e00000)
  from space 512K, 43% used [0x00000000d6280000,0x00000000d62b8000,0x00000000d6300000)
  to   space 512K, 0% used [0x00000000d6300000,0x00000000d6300000,0x00000000d6380000)
 ParOldGen       total 114176K, used 54100K [0x0000000080000000, 0x0000000086f80000, 0x00000000d5580000)
  object space 114176K, 47% used [0x0000000080000000,0x00000000834d5068,0x0000000086f80000)
 Metaspace       used 60599K, committed 62080K, reserved 1114112K
  class space    used 6394K, committed 6976K, reserved 1048576K
}
Event: 268974.057 GC heap before
{Heap before GC invocations=171 (full 3):
 PSYoungGen      total 9216K, used 8928K [0x00000000d5580000, 0x00000000d6380000, 0x0000000100000000)
  eden space 8704K, 100% used [0x00000000d5580000,0x00000000d5e00000,0x00000000d5e00000)
  from space 512K, 43% used [0x00000000d6280000,0x00000000d62b8000,0x00000000d6300000)
  to   space 512K, 0% used [0x00000000d6300000,0x00000000d6300000,0x00000000d6380000)
 ParOldGen       total 114176K, used 54100K [0x0000000080000000, 0x0000000086f80000, 0x00000000d5580000)
  object space 114176K, 47% used [0x0000000080000000,0x00000000834d5068,0x0000000086f80000)
 Metaspace       used 60644K, committed 62144K, reserved 1114112K
  class space    used 6394K, committed 6976K, reserved 1048576K
}
Event: 268974.058 GC heap after
{Heap after GC invocations=171 (full 3):
 PSYoungGen      total 9216K, used 256K [0x00000000d5580000, 0x00000000d6380000, 0x0000000100000000)
  eden space 8704K, 0% used [0x00000000d5580000,0x00000000d5580000,0x00000000d5e00000)
  from space 512K, 50% used [0x00000000d6300000,0x00000000d6340000,0x00000000d6380000)
  to   space 512K, 0% used [0x00000000d6280000,0x00000000d6280000,0x00000000d6300000)
 ParOldGen       total 114176K, used 54156K [0x0000000080000000, 0x0000000086f80000, 0x00000000d5580000)
  object space 114176K, 47% used [0x0000000080000000,0x00000000834e3068,0x0000000086f80000)
 Metaspace       used 60644K, committed 62144K, reserved 1114112K
  class space    used 6394K, committed 6976K, reserved 1048576K
}
Event: 269016.836 GC heap before
{Heap before GC invocations=172 (full 3):
 PSYoungGen      total 9216K, used 8960K [0x00000000d5580000, 0x00000000d6380000, 0x0000000100000000)
  eden space 8704K, 100% used [0x00000000d5580000,0x00000000d5e00000,0x00000000d5e00000)
  from space 512K, 50% used [0x00000000d6300000,0x00000000d6340000,0x00000000d6380000)
  to   space 512K, 0% used [0x00000000d6280000,0x00000000d6280000,0x00000000d6300000)
 ParOldGen       total 114176K, used 54156K [0x0000000080000000, 0x0000000086f80000, 0x00000000d5580000)
  object space 114176K, 47% used [0x0000000080000000,0x00000000834e3068,0x0000000086f80000)
 Metaspace       used 60677K, committed 62144K, reserved 1114112K
  class space    used 6394K, committed 6976K, reserved 1048576K
}
Event: 269016.838 GC heap after
{Heap after GC invocations=172 (full 3):
 PSYoungGen      total 9216K, used 320K [0x00000000d5580000, 0x00000000d6380000, 0x0000000100000000)
  eden space 8704K, 0% used [0x00000000d5580000,0x00000000d5580000,0x00000000d5e00000)
  from space 512K, 62% used [0x00000000d6280000,0x00000000d62d0000,0x00000000d6300000)
  to   space 512K, 0% used [0x00000000d6300000,0x00000000d6300000,0x00000000d6380000)
 ParOldGen       total 114176K, used 54204K [0x0000000080000000, 0x0000000086f80000, 0x00000000d5580000)
  object space 114176K, 47% used [0x0000000080000000,0x00000000834ef068,0x0000000086f80000)
 Metaspace       used 60677K, committed 62144K, reserved 1114112K
  class space    used 6394K, committed 6976K, reserved 1048576K
}
Event: 269226.750 GC heap before
{Heap before GC invocations=173 (full 3):
 PSYoungGen      total 9216K, used 9024K [0x00000000d5580000, 0x00000000d6380000, 0x0000000100000000)
  eden space 8704K, 100% used [0x00000000d5580000,0x00000000d5e00000,0x00000000d5e00000)
  from space 512K, 62% used [0x00000000d6280000,0x00000000d62d0000,0x00000000d6300000)
  to   space 512K, 0% used [0x00000000d6300000,0x00000000d6300000,0x00000000d6380000)
 ParOldGen       total 114176K, used 54204K [0x0000000080000000, 0x0000000086f80000, 0x00000000d5580000)
  object space 114176K, 47% used [0x0000000080000000,0x00000000834ef068,0x0000000086f80000)
 Metaspace       used 60757K, committed 62208K, reserved 1114112K
  class space    used 6394K, committed 6976K, reserved 1048576K
}
Event: 269226.752 GC heap after
{Heap after GC invocations=173 (full 3):
 PSYoungGen      total 9216K, used 256K [0x00000000d5580000, 0x00000000d6380000, 0x0000000100000000)
  eden space 8704K, 0% used [0x00000000d5580000,0x00000000d5580000,0x00000000d5e00000)
  from space 512K, 50% used [0x00000000d6300000,0x00000000d6340000,0x00000000d6380000)
  to   space 512K, 0% used [0x00000000d6280000,0x00000000d6280000,0x00000000d6300000)
 ParOldGen       total 114176K, used 54252K [0x0000000080000000, 0x0000000086f80000, 0x00000000d5580000)
  object space 114176K, 47% used [0x0000000080000000,0x00000000834fb068,0x0000000086f80000)
 Metaspace       used 60757K, committed 62208K, reserved 1114112K
  class space    used 6394K, committed 6976K, reserved 1048576K
}

